{"/home/amulyakashyap/Documents/getir-casestudy/app.js": {"path":"/home/amulyakashyap/Documents/getir-casestudy/app.js","statementMap":{"0":{"start":{"line":1,"column":18},"end":{"line":1,"column":40}},"1":{"start":{"line":2,"column":14},"end":{"line":2,"column":32}},"2":{"start":{"line":3,"column":11},"end":{"line":3,"column":26}},"3":{"start":{"line":4,"column":19},"end":{"line":4,"column":43}},"4":{"start":{"line":5,"column":13},"end":{"line":5,"column":30}},"5":{"start":{"line":7,"column":0},"end":{"line":7,"column":38}},"6":{"start":{"line":8,"column":20},"end":{"line":8,"column":47}},"7":{"start":{"line":10,"column":10},"end":{"line":10,"column":19}},"8":{"start":{"line":13,"column":0},"end":{"line":13,"column":48}},"9":{"start":{"line":14,"column":0},"end":{"line":14,"column":30}},"10":{"start":{"line":16,"column":0},"end":{"line":16,"column":23}},"11":{"start":{"line":17,"column":0},"end":{"line":17,"column":24}},"12":{"start":{"line":18,"column":0},"end":{"line":18,"column":49}},"13":{"start":{"line":19,"column":0},"end":{"line":19,"column":24}},"14":{"start":{"line":20,"column":0},"end":{"line":20,"column":56}},"15":{"start":{"line":22,"column":0},"end":{"line":22,"column":28}},"16":{"start":{"line":25,"column":0},"end":{"line":27,"column":3}},"17":{"start":{"line":26,"column":2},"end":{"line":26,"column":25}},"18":{"start":{"line":30,"column":0},"end":{"line":38,"column":3}},"19":{"start":{"line":32,"column":2},"end":{"line":32,"column":35}},"20":{"start":{"line":33,"column":2},"end":{"line":33,"column":69}},"21":{"start":{"line":36,"column":2},"end":{"line":36,"column":32}},"22":{"start":{"line":37,"column":2},"end":{"line":37,"column":22}},"23":{"start":{"line":40,"column":0},"end":{"line":43,"column":3}},"24":{"start":{"line":42,"column":2},"end":{"line":42,"column":43}},"25":{"start":{"line":45,"column":0},"end":{"line":45,"column":21}}},"fnMap":{"0":{"name":"(anonymous_0)","decl":{"start":{"line":25,"column":8},"end":{"line":25,"column":9}},"loc":{"start":{"line":25,"column":34},"end":{"line":27,"column":1}},"line":25},"1":{"name":"(anonymous_1)","decl":{"start":{"line":30,"column":8},"end":{"line":30,"column":9}},"loc":{"start":{"line":30,"column":39},"end":{"line":38,"column":1}},"line":30},"2":{"name":"(anonymous_2)","decl":{"start":{"line":40,"column":32},"end":{"line":40,"column":33}},"loc":{"start":{"line":40,"column":47},"end":{"line":43,"column":1}},"line":40}},"branchMap":{"0":{"loc":{"start":{"line":33,"column":21},"end":{"line":33,"column":68}},"type":"cond-expr","locations":[{"start":{"line":33,"column":60},"end":{"line":33,"column":63}},{"start":{"line":33,"column":66},"end":{"line":33,"column":68}}],"line":33},"1":{"loc":{"start":{"line":36,"column":13},"end":{"line":36,"column":30}},"type":"binary-expr","locations":[{"start":{"line":36,"column":13},"end":{"line":36,"column":23}},{"start":{"line":36,"column":27},"end":{"line":36,"column":30}}],"line":36}},"s":{"0":1,"1":1,"2":1,"3":1,"4":1,"5":1,"6":1,"7":1,"8":1,"9":1,"10":1,"11":1,"12":1,"13":1,"14":1,"15":1,"16":1,"17":0,"18":1,"19":0,"20":0,"21":0,"22":0,"23":1,"24":0,"25":1},"f":{"0":0,"1":0,"2":0},"b":{"0":[0,0],"1":[0,0]},"_coverageSchema":"1a1c01bbd47fc00a2c39e90264f33305004495a9","hash":"b6d10eebb647754f12d01e92f17e538e79c881f9"}
,"/home/amulyakashyap/Documents/getir-casestudy/controllers/records.js": {"path":"/home/amulyakashyap/Documents/getir-casestudy/controllers/records.js","statementMap":{"0":{"start":{"line":1,"column":15},"end":{"line":1,"column":32}},"1":{"start":{"line":2,"column":23},"end":{"line":2,"column":38}},"2":{"start":{"line":3,"column":16},"end":{"line":3,"column":46}},"3":{"start":{"line":5,"column":0},"end":{"line":18,"column":2}},"4":{"start":{"line":6,"column":2},"end":{"line":17,"column":3}},"5":{"start":{"line":7,"column":17},"end":{"line":7,"column":46}},"6":{"start":{"line":8,"column":18},"end":{"line":8,"column":50}},"7":{"start":{"line":9,"column":20},"end":{"line":9,"column":54}},"8":{"start":{"line":10,"column":4},"end":{"line":14,"column":5}},"9":{"start":{"line":11,"column":6},"end":{"line":11,"column":36}},"10":{"start":{"line":13,"column":6},"end":{"line":13,"column":54}},"11":{"start":{"line":16,"column":4},"end":{"line":16,"column":32}},"12":{"start":{"line":20,"column":0},"end":{"line":45,"column":2}},"13":{"start":{"line":21,"column":2},"end":{"line":44,"column":3}},"14":{"start":{"line":22,"column":20},"end":{"line":22,"column":22}},"15":{"start":{"line":23,"column":17},"end":{"line":23,"column":19}},"16":{"start":{"line":24,"column":14},"end":{"line":24,"column":64}},"17":{"start":{"line":25,"column":14},"end":{"line":25,"column":62}},"18":{"start":{"line":27,"column":4},"end":{"line":29,"column":5}},"19":{"start":{"line":27,"column":17},"end":{"line":27,"column":18}},"20":{"start":{"line":28,"column":6},"end":{"line":28,"column":26}},"21":{"start":{"line":31,"column":4},"end":{"line":39,"column":5}},"22":{"start":{"line":31,"column":17},"end":{"line":31,"column":26}},"23":{"start":{"line":32,"column":17},"end":{"line":32,"column":39}},"24":{"start":{"line":33,"column":18},"end":{"line":37,"column":7}},"25":{"start":{"line":38,"column":6},"end":{"line":38,"column":24}},"26":{"start":{"line":40,"column":4},"end":{"line":40,"column":38}},"27":{"start":{"line":41,"column":4},"end":{"line":41,"column":47}},"28":{"start":{"line":43,"column":4},"end":{"line":43,"column":32}},"29":{"start":{"line":47,"column":0},"end":{"line":51,"column":2}},"30":{"start":{"line":48,"column":2},"end":{"line":50,"column":5}},"31":{"start":{"line":53,"column":0},"end":{"line":101,"column":2}},"32":{"start":{"line":54,"column":2},"end":{"line":100,"column":3}},"33":{"start":{"line":55,"column":55},"end":{"line":55,"column":63}},"34":{"start":{"line":56,"column":22},"end":{"line":80,"column":5}},"35":{"start":{"line":81,"column":20},"end":{"line":81,"column":54}},"36":{"start":{"line":82,"column":4},"end":{"line":96,"column":5}},"37":{"start":{"line":83,"column":6},"end":{"line":83,"column":35}},"38":{"start":{"line":84,"column":6},"end":{"line":84,"column":36}},"39":{"start":{"line":86,"column":26},"end":{"line":94,"column":7}},"40":{"start":{"line":89,"column":44},"end":{"line":93,"column":9}},"41":{"start":{"line":95,"column":6},"end":{"line":95,"column":40}},"42":{"start":{"line":98,"column":4},"end":{"line":98,"column":25}},"43":{"start":{"line":99,"column":4},"end":{"line":99,"column":32}}},"fnMap":{"0":{"name":"(anonymous_0)","decl":{"start":{"line":5,"column":33},"end":{"line":5,"column":34}},"loc":{"start":{"line":5,"column":59},"end":{"line":18,"column":1}},"line":5},"1":{"name":"(anonymous_1)","decl":{"start":{"line":20,"column":33},"end":{"line":20,"column":34}},"loc":{"start":{"line":20,"column":59},"end":{"line":45,"column":1}},"line":20},"2":{"name":"(anonymous_2)","decl":{"start":{"line":47,"column":25},"end":{"line":47,"column":26}},"loc":{"start":{"line":47,"column":51},"end":{"line":51,"column":1}},"line":47},"3":{"name":"(anonymous_3)","decl":{"start":{"line":53,"column":31},"end":{"line":53,"column":32}},"loc":{"start":{"line":53,"column":57},"end":{"line":101,"column":1}},"line":53},"4":{"name":"(anonymous_4)","decl":{"start":{"line":89,"column":34},"end":{"line":89,"column":35}},"loc":{"start":{"line":89,"column":44},"end":{"line":93,"column":9}},"line":89}},"branchMap":{"0":{"loc":{"start":{"line":7,"column":17},"end":{"line":7,"column":46}},"type":"binary-expr","locations":[{"start":{"line":7,"column":17},"end":{"line":7,"column":41}},{"start":{"line":7,"column":45},"end":{"line":7,"column":46}}],"line":7},"1":{"loc":{"start":{"line":8,"column":18},"end":{"line":8,"column":50}},"type":"binary-expr","locations":[{"start":{"line":8,"column":18},"end":{"line":8,"column":43}},{"start":{"line":8,"column":47},"end":{"line":8,"column":50}}],"line":8},"2":{"loc":{"start":{"line":10,"column":4},"end":{"line":14,"column":5}},"type":"if","locations":[{"start":{"line":10,"column":4},"end":{"line":14,"column":5}},{"start":{"line":10,"column":4},"end":{"line":14,"column":5}}],"line":10},"3":{"loc":{"start":{"line":10,"column":8},"end":{"line":10,"column":43}},"type":"binary-expr","locations":[{"start":{"line":10,"column":8},"end":{"line":10,"column":26}},{"start":{"line":10,"column":30},"end":{"line":10,"column":43}}],"line":10},"4":{"loc":{"start":{"line":24,"column":14},"end":{"line":24,"column":64}},"type":"binary-expr","locations":[{"start":{"line":24,"column":14},"end":{"line":24,"column":40}},{"start":{"line":24,"column":44},"end":{"line":24,"column":64}}],"line":24},"5":{"loc":{"start":{"line":25,"column":14},"end":{"line":25,"column":62}},"type":"binary-expr","locations":[{"start":{"line":25,"column":14},"end":{"line":25,"column":38}},{"start":{"line":25,"column":42},"end":{"line":25,"column":62}}],"line":25},"6":{"loc":{"start":{"line":82,"column":4},"end":{"line":96,"column":5}},"type":"if","locations":[{"start":{"line":82,"column":4},"end":{"line":96,"column":5}},{"start":{"line":82,"column":4},"end":{"line":96,"column":5}}],"line":82},"7":{"loc":{"start":{"line":82,"column":8},"end":{"line":82,"column":43}},"type":"binary-expr","locations":[{"start":{"line":82,"column":8},"end":{"line":82,"column":26}},{"start":{"line":82,"column":30},"end":{"line":82,"column":43}}],"line":82}},"s":{"0":1,"1":1,"2":1,"3":1,"4":1,"5":1,"6":1,"7":1,"8":1,"9":0,"10":1,"11":0,"12":1,"13":0,"14":0,"15":0,"16":0,"17":0,"18":0,"19":0,"20":0,"21":0,"22":0,"23":0,"24":0,"25":0,"26":0,"27":0,"28":0,"29":1,"30":1,"31":1,"32":1,"33":1,"34":1,"35":1,"36":1,"37":0,"38":0,"39":1,"40":557,"41":1,"42":0,"43":0},"f":{"0":1,"1":0,"2":1,"3":1,"4":557},"b":{"0":[1,1],"1":[1,0],"2":[0,1],"3":[1,0],"4":[0,0],"5":[0,0],"6":[0,1],"7":[1,0]},"_coverageSchema":"1a1c01bbd47fc00a2c39e90264f33305004495a9","hash":"e1db2253b5a93aa52110b6c036841c6e6c85775e"}
,"/home/amulyakashyap/Documents/getir-casestudy/db/mongo/mongo.js": {"path":"/home/amulyakashyap/Documents/getir-casestudy/db/mongo/mongo.js","statementMap":{"0":{"start":{"line":1,"column":15},"end":{"line":1,"column":32}},"1":{"start":{"line":2,"column":17},"end":{"line":2,"column":36}},"2":{"start":{"line":4,"column":0},"end":{"line":4,"column":28}},"3":{"start":{"line":6,"column":16},"end":{"line":25,"column":1}},"4":{"start":{"line":14,"column":2},"end":{"line":24,"column":7}},"5":{"start":{"line":17,"column":6},"end":{"line":20,"column":8}},"6":{"start":{"line":23,"column":6},"end":{"line":23,"column":34}},"7":{"start":{"line":27,"column":19},"end":{"line":29,"column":1}},"8":{"start":{"line":28,"column":2},"end":{"line":28,"column":24}},"9":{"start":{"line":31,"column":0},"end":{"line":31,"column":41}},"10":{"start":{"line":33,"column":0},"end":{"line":35,"column":3}},"11":{"start":{"line":34,"column":2},"end":{"line":34,"column":35}},"12":{"start":{"line":37,"column":0},"end":{"line":39,"column":3}},"13":{"start":{"line":38,"column":2},"end":{"line":38,"column":38}},"14":{"start":{"line":41,"column":0},"end":{"line":43,"column":3}},"15":{"start":{"line":42,"column":2},"end":{"line":42,"column":37}}},"fnMap":{"0":{"name":"(anonymous_0)","decl":{"start":{"line":6,"column":16},"end":{"line":6,"column":17}},"loc":{"start":{"line":13,"column":5},"end":{"line":25,"column":1}},"line":13},"1":{"name":"(anonymous_1)","decl":{"start":{"line":16,"column":10},"end":{"line":16,"column":11}},"loc":{"start":{"line":16,"column":16},"end":{"line":21,"column":5}},"line":16},"2":{"name":"(anonymous_2)","decl":{"start":{"line":22,"column":11},"end":{"line":22,"column":12}},"loc":{"start":{"line":22,"column":18},"end":{"line":24,"column":5}},"line":22},"3":{"name":"(anonymous_3)","decl":{"start":{"line":27,"column":19},"end":{"line":27,"column":20}},"loc":{"start":{"line":27,"column":25},"end":{"line":29,"column":1}},"line":27},"4":{"name":"(anonymous_4)","decl":{"start":{"line":33,"column":31},"end":{"line":33,"column":32}},"loc":{"start":{"line":33,"column":37},"end":{"line":35,"column":1}},"line":33},"5":{"name":"(anonymous_5)","decl":{"start":{"line":37,"column":32},"end":{"line":37,"column":33}},"loc":{"start":{"line":37,"column":38},"end":{"line":39,"column":1}},"line":37},"6":{"name":"(anonymous_6)","decl":{"start":{"line":41,"column":32},"end":{"line":41,"column":33}},"loc":{"start":{"line":41,"column":41},"end":{"line":43,"column":1}},"line":41}},"branchMap":{"0":{"loc":{"start":{"line":7,"column":2},"end":{"line":7,"column":21}},"type":"default-arg","locations":[{"start":{"line":7,"column":8},"end":{"line":7,"column":21}}],"line":7},"1":{"loc":{"start":{"line":8,"column":2},"end":{"line":12,"column":3}},"type":"default-arg","locations":[{"start":{"line":8,"column":12},"end":{"line":12,"column":3}}],"line":8},"2":{"loc":{"start":{"line":23,"column":13},"end":{"line":23,"column":33}},"type":"binary-expr","locations":[{"start":{"line":23,"column":13},"end":{"line":23,"column":22}},{"start":{"line":23,"column":26},"end":{"line":23,"column":33}}],"line":23}},"s":{"0":1,"1":1,"2":1,"3":1,"4":1,"5":1,"6":0,"7":1,"8":0,"9":1,"10":1,"11":1,"12":1,"13":0,"14":1,"15":0},"f":{"0":1,"1":1,"2":0,"3":0,"4":1,"5":0,"6":0},"b":{"0":[1],"1":[1],"2":[0,0]},"_coverageSchema":"1a1c01bbd47fc00a2c39e90264f33305004495a9","hash":"3bc67d768bdc91c02908b3fd26038b795ed47185"}
,"/home/amulyakashyap/Documents/getir-casestudy/middlewares/inputSanitisation.js": {"path":"/home/amulyakashyap/Documents/getir-casestudy/middlewares/inputSanitisation.js","statementMap":{"0":{"start":{"line":1,"column":16},"end":{"line":1,"column":36}},"1":{"start":{"line":2,"column":12},"end":{"line":2,"column":42}},"2":{"start":{"line":11,"column":0},"end":{"line":28,"column":2}},"3":{"start":{"line":12,"column":17},"end":{"line":15,"column":4}},"4":{"start":{"line":16,"column":16},"end":{"line":19,"column":3}},"5":{"start":{"line":20,"column":27},"end":{"line":20,"column":49}},"6":{"start":{"line":21,"column":2},"end":{"line":27,"column":3}},"7":{"start":{"line":22,"column":4},"end":{"line":24,"column":7}},"8":{"start":{"line":26,"column":4},"end":{"line":26,"column":11}},"9":{"start":{"line":37,"column":0},"end":{"line":52,"column":2}},"10":{"start":{"line":38,"column":17},"end":{"line":43,"column":4}},"11":{"start":{"line":44,"column":27},"end":{"line":44,"column":52}},"12":{"start":{"line":45,"column":2},"end":{"line":51,"column":3}},"13":{"start":{"line":46,"column":4},"end":{"line":48,"column":7}},"14":{"start":{"line":50,"column":4},"end":{"line":50,"column":11}}},"fnMap":{"0":{"name":"(anonymous_0)","decl":{"start":{"line":11,"column":45},"end":{"line":11,"column":46}},"loc":{"start":{"line":11,"column":65},"end":{"line":28,"column":1}},"line":11},"1":{"name":"(anonymous_1)","decl":{"start":{"line":37,"column":43},"end":{"line":37,"column":44}},"loc":{"start":{"line":37,"column":63},"end":{"line":52,"column":1}},"line":37}},"branchMap":{"0":{"loc":{"start":{"line":21,"column":2},"end":{"line":27,"column":3}},"type":"if","locations":[{"start":{"line":21,"column":2},"end":{"line":27,"column":3}},{"start":{"line":21,"column":2},"end":{"line":27,"column":3}}],"line":21},"1":{"loc":{"start":{"line":45,"column":2},"end":{"line":51,"column":3}},"type":"if","locations":[{"start":{"line":45,"column":2},"end":{"line":51,"column":3}},{"start":{"line":45,"column":2},"end":{"line":51,"column":3}}],"line":45}},"s":{"0":1,"1":1,"2":1,"3":0,"4":0,"5":0,"6":0,"7":0,"8":0,"9":1,"10":3,"11":3,"12":3,"13":2,"14":1},"f":{"0":0,"1":3},"b":{"0":[0,0],"1":[2,1]},"_coverageSchema":"1a1c01bbd47fc00a2c39e90264f33305004495a9","hash":"c2fbedc9ddc4096e297219a029b344cb4a753349"}
,"/home/amulyakashyap/Documents/getir-casestudy/models/record.js": {"path":"/home/amulyakashyap/Documents/getir-casestudy/models/record.js","statementMap":{"0":{"start":{"line":1,"column":17},"end":{"line":1,"column":36}},"1":{"start":{"line":2,"column":22},"end":{"line":2,"column":48}},"2":{"start":{"line":3,"column":0},"end":{"line":3,"column":58}}},"fnMap":{},"branchMap":{},"s":{"0":1,"1":1,"2":1},"f":{},"b":{},"_coverageSchema":"1a1c01bbd47fc00a2c39e90264f33305004495a9","hash":"8ad4ac201cd058c382ea6382ec85c9fdd169362c"}
,"/home/amulyakashyap/Documents/getir-casestudy/models/schema/record.js": {"path":"/home/amulyakashyap/Documents/getir-casestudy/models/schema/record.js","statementMap":{"0":{"start":{"line":1,"column":17},"end":{"line":1,"column":36}},"1":{"start":{"line":2,"column":19},"end":{"line":2,"column":27}},"2":{"start":{"line":3,"column":22},"end":{"line":10,"column":1}},"3":{"start":{"line":12,"column":0},"end":{"line":12,"column":32}},"4":{"start":{"line":14,"column":0},"end":{"line":14,"column":31}}},"fnMap":{},"branchMap":{},"s":{"0":1,"1":1,"2":1,"3":1,"4":1},"f":{},"b":{},"_coverageSchema":"1a1c01bbd47fc00a2c39e90264f33305004495a9","hash":"24f62a751e15825f803d71aa08110d30b680ead9"}
,"/home/amulyakashyap/Documents/getir-casestudy/routes/records.js": {"path":"/home/amulyakashyap/Documents/getir-casestudy/routes/records.js","statementMap":{"0":{"start":{"line":1,"column":14},"end":{"line":1,"column":32}},"1":{"start":{"line":2,"column":13},"end":{"line":2,"column":29}},"2":{"start":{"line":3,"column":24},"end":{"line":3,"column":67}},"3":{"start":{"line":4,"column":23},"end":{"line":4,"column":56}},"4":{"start":{"line":7,"column":0},"end":{"line":7,"column":42}},"5":{"start":{"line":10,"column":0},"end":{"line":10,"column":57}},"6":{"start":{"line":13,"column":0},"end":{"line":17,"column":2}},"7":{"start":{"line":20,"column":0},"end":{"line":24,"column":2}},"8":{"start":{"line":26,"column":0},"end":{"line":26,"column":24}}},"fnMap":{},"branchMap":{},"s":{"0":1,"1":1,"2":1,"3":1,"4":1,"5":1,"6":1,"7":1,"8":1},"f":{},"b":{},"_coverageSchema":"1a1c01bbd47fc00a2c39e90264f33305004495a9","hash":"284d69605ea7640d26edd9fe4db77a2271a58b4a"}
,"/home/amulyakashyap/Documents/getir-casestudy/services/records.js": {"path":"/home/amulyakashyap/Documents/getir-casestudy/services/records.js","statementMap":{"0":{"start":{"line":1,"column":20},"end":{"line":1,"column":47}},"1":{"start":{"line":8,"column":16},"end":{"line":18,"column":1}},"2":{"start":{"line":9,"column":15},"end":{"line":9,"column":17}},"3":{"start":{"line":10,"column":2},"end":{"line":17,"column":3}},"4":{"start":{"line":11,"column":4},"end":{"line":11,"column":68}},"5":{"start":{"line":13,"column":4},"end":{"line":13,"column":25}},"6":{"start":{"line":14,"column":4},"end":{"line":14,"column":26}},"7":{"start":{"line":16,"column":4},"end":{"line":16,"column":16}},"8":{"start":{"line":25,"column":18},"end":{"line":35,"column":1}},"9":{"start":{"line":26,"column":15},"end":{"line":26,"column":17}},"10":{"start":{"line":27,"column":2},"end":{"line":34,"column":3}},"11":{"start":{"line":28,"column":4},"end":{"line":28,"column":57}},"12":{"start":{"line":30,"column":4},"end":{"line":30,"column":25}},"13":{"start":{"line":31,"column":4},"end":{"line":31,"column":26}},"14":{"start":{"line":33,"column":4},"end":{"line":33,"column":16}},"15":{"start":{"line":37,"column":19},"end":{"line":41,"column":1}},"16":{"start":{"line":38,"column":2},"end":{"line":40,"column":3}},"17":{"start":{"line":39,"column":4},"end":{"line":39,"column":39}},"18":{"start":{"line":43,"column":0},"end":{"line":43,"column":52}}},"fnMap":{"0":{"name":"(anonymous_0)","decl":{"start":{"line":8,"column":16},"end":{"line":8,"column":17}},"loc":{"start":{"line":8,"column":49},"end":{"line":18,"column":1}},"line":8},"1":{"name":"(anonymous_1)","decl":{"start":{"line":25,"column":18},"end":{"line":25,"column":19}},"loc":{"start":{"line":25,"column":38},"end":{"line":35,"column":1}},"line":25},"2":{"name":"(anonymous_2)","decl":{"start":{"line":37,"column":19},"end":{"line":37,"column":20}},"loc":{"start":{"line":37,"column":40},"end":{"line":41,"column":1}},"line":37}},"branchMap":{"0":{"loc":{"start":{"line":8,"column":23},"end":{"line":8,"column":31}},"type":"default-arg","locations":[{"start":{"line":8,"column":30},"end":{"line":8,"column":31}}],"line":8},"1":{"loc":{"start":{"line":8,"column":33},"end":{"line":8,"column":44}},"type":"default-arg","locations":[{"start":{"line":8,"column":41},"end":{"line":8,"column":44}}],"line":8},"2":{"loc":{"start":{"line":37,"column":26},"end":{"line":37,"column":35}},"type":"default-arg","locations":[{"start":{"line":37,"column":33},"end":{"line":37,"column":35}}],"line":37},"3":{"loc":{"start":{"line":38,"column":2},"end":{"line":40,"column":3}},"type":"if","locations":[{"start":{"line":38,"column":2},"end":{"line":40,"column":3}},{"start":{"line":38,"column":2},"end":{"line":40,"column":3}}],"line":38}},"s":{"0":1,"1":1,"2":1,"3":1,"4":1,"5":0,"6":0,"7":1,"8":1,"9":1,"10":1,"11":1,"12":0,"13":0,"14":1,"15":1,"16":0,"17":0,"18":1},"f":{"0":1,"1":1,"2":0},"b":{"0":[0],"1":[0],"2":[0],"3":[0,0]},"_coverageSchema":"1a1c01bbd47fc00a2c39e90264f33305004495a9","hash":"f97a42c10d2510662b8f04fedbec686d7ff014af"}
}
