{"/home/amulyakashyap/Documents/getir-casestudy/app.js": {"path":"/home/amulyakashyap/Documents/getir-casestudy/app.js","statementMap":{"0":{"start":{"line":1,"column":0},"end":{"line":1,"column":24}},"1":{"start":{"line":2,"column":18},"end":{"line":2,"column":40}},"2":{"start":{"line":3,"column":14},"end":{"line":3,"column":32}},"3":{"start":{"line":4,"column":11},"end":{"line":4,"column":26}},"4":{"start":{"line":5,"column":19},"end":{"line":5,"column":43}},"5":{"start":{"line":6,"column":13},"end":{"line":6,"column":30}},"6":{"start":{"line":8,"column":0},"end":{"line":8,"column":38}},"7":{"start":{"line":9,"column":20},"end":{"line":9,"column":47}},"8":{"start":{"line":11,"column":10},"end":{"line":11,"column":19}},"9":{"start":{"line":14,"column":0},"end":{"line":14,"column":48}},"10":{"start":{"line":15,"column":0},"end":{"line":15,"column":30}},"11":{"start":{"line":17,"column":0},"end":{"line":17,"column":23}},"12":{"start":{"line":18,"column":0},"end":{"line":18,"column":24}},"13":{"start":{"line":19,"column":0},"end":{"line":19,"column":49}},"14":{"start":{"line":20,"column":0},"end":{"line":20,"column":24}},"15":{"start":{"line":21,"column":0},"end":{"line":21,"column":56}},"16":{"start":{"line":22,"column":0},"end":{"line":22,"column":70}},"17":{"start":{"line":23,"column":0},"end":{"line":23,"column":71}},"18":{"start":{"line":25,"column":0},"end":{"line":25,"column":28}},"19":{"start":{"line":28,"column":0},"end":{"line":30,"column":3}},"20":{"start":{"line":29,"column":2},"end":{"line":29,"column":25}},"21":{"start":{"line":33,"column":0},"end":{"line":41,"column":3}},"22":{"start":{"line":35,"column":2},"end":{"line":35,"column":35}},"23":{"start":{"line":36,"column":2},"end":{"line":36,"column":69}},"24":{"start":{"line":39,"column":2},"end":{"line":39,"column":32}},"25":{"start":{"line":40,"column":2},"end":{"line":40,"column":22}},"26":{"start":{"line":43,"column":0},"end":{"line":46,"column":3}},"27":{"start":{"line":45,"column":2},"end":{"line":45,"column":43}},"28":{"start":{"line":48,"column":0},"end":{"line":48,"column":21}}},"fnMap":{"0":{"name":"(anonymous_0)","decl":{"start":{"line":28,"column":8},"end":{"line":28,"column":9}},"loc":{"start":{"line":28,"column":34},"end":{"line":30,"column":1}},"line":28},"1":{"name":"(anonymous_1)","decl":{"start":{"line":33,"column":8},"end":{"line":33,"column":9}},"loc":{"start":{"line":33,"column":39},"end":{"line":41,"column":1}},"line":33},"2":{"name":"(anonymous_2)","decl":{"start":{"line":43,"column":32},"end":{"line":43,"column":33}},"loc":{"start":{"line":43,"column":47},"end":{"line":46,"column":1}},"line":43}},"branchMap":{"0":{"loc":{"start":{"line":36,"column":21},"end":{"line":36,"column":68}},"type":"cond-expr","locations":[{"start":{"line":36,"column":60},"end":{"line":36,"column":63}},{"start":{"line":36,"column":66},"end":{"line":36,"column":68}}],"line":36},"1":{"loc":{"start":{"line":39,"column":13},"end":{"line":39,"column":30}},"type":"binary-expr","locations":[{"start":{"line":39,"column":13},"end":{"line":39,"column":23}},{"start":{"line":39,"column":27},"end":{"line":39,"column":30}}],"line":39}},"s":{"0":1,"1":1,"2":1,"3":1,"4":1,"5":1,"6":1,"7":1,"8":1,"9":1,"10":1,"11":1,"12":1,"13":1,"14":1,"15":1,"16":1,"17":1,"18":1,"19":1,"20":0,"21":1,"22":0,"23":0,"24":0,"25":0,"26":1,"27":0,"28":1},"f":{"0":0,"1":0,"2":0},"b":{"0":[0,0],"1":[0,0]},"_coverageSchema":"1a1c01bbd47fc00a2c39e90264f33305004495a9","hash":"0daad111e1d1399ddc0c88fffc39dbe9d1cb2533"}
,"/home/amulyakashyap/Documents/getir-casestudy/controllers/records.js": {"path":"/home/amulyakashyap/Documents/getir-casestudy/controllers/records.js","statementMap":{"0":{"start":{"line":1,"column":15},"end":{"line":1,"column":32}},"1":{"start":{"line":2,"column":13},"end":{"line":2,"column":28}},"2":{"start":{"line":3,"column":23},"end":{"line":3,"column":38}},"3":{"start":{"line":4,"column":16},"end":{"line":4,"column":46}},"4":{"start":{"line":6,"column":0},"end":{"line":19,"column":2}},"5":{"start":{"line":7,"column":2},"end":{"line":18,"column":3}},"6":{"start":{"line":8,"column":17},"end":{"line":8,"column":46}},"7":{"start":{"line":9,"column":18},"end":{"line":9,"column":50}},"8":{"start":{"line":10,"column":20},"end":{"line":10,"column":54}},"9":{"start":{"line":11,"column":4},"end":{"line":15,"column":5}},"10":{"start":{"line":12,"column":6},"end":{"line":12,"column":36}},"11":{"start":{"line":14,"column":6},"end":{"line":14,"column":54}},"12":{"start":{"line":17,"column":4},"end":{"line":17,"column":32}},"13":{"start":{"line":21,"column":0},"end":{"line":46,"column":2}},"14":{"start":{"line":22,"column":2},"end":{"line":45,"column":3}},"15":{"start":{"line":23,"column":20},"end":{"line":23,"column":22}},"16":{"start":{"line":24,"column":17},"end":{"line":24,"column":19}},"17":{"start":{"line":25,"column":14},"end":{"line":25,"column":64}},"18":{"start":{"line":26,"column":14},"end":{"line":26,"column":62}},"19":{"start":{"line":28,"column":4},"end":{"line":30,"column":5}},"20":{"start":{"line":28,"column":17},"end":{"line":28,"column":18}},"21":{"start":{"line":29,"column":6},"end":{"line":29,"column":26}},"22":{"start":{"line":32,"column":4},"end":{"line":40,"column":5}},"23":{"start":{"line":32,"column":17},"end":{"line":32,"column":26}},"24":{"start":{"line":33,"column":17},"end":{"line":33,"column":39}},"25":{"start":{"line":34,"column":18},"end":{"line":38,"column":7}},"26":{"start":{"line":39,"column":6},"end":{"line":39,"column":24}},"27":{"start":{"line":41,"column":4},"end":{"line":41,"column":38}},"28":{"start":{"line":42,"column":4},"end":{"line":42,"column":47}},"29":{"start":{"line":44,"column":4},"end":{"line":44,"column":32}},"30":{"start":{"line":48,"column":0},"end":{"line":50,"column":2}},"31":{"start":{"line":49,"column":2},"end":{"line":49,"column":55}},"32":{"start":{"line":52,"column":0},"end":{"line":100,"column":2}},"33":{"start":{"line":53,"column":2},"end":{"line":99,"column":3}},"34":{"start":{"line":54,"column":55},"end":{"line":54,"column":63}},"35":{"start":{"line":55,"column":22},"end":{"line":79,"column":5}},"36":{"start":{"line":80,"column":20},"end":{"line":80,"column":54}},"37":{"start":{"line":81,"column":4},"end":{"line":95,"column":5}},"38":{"start":{"line":82,"column":6},"end":{"line":82,"column":35}},"39":{"start":{"line":83,"column":6},"end":{"line":83,"column":36}},"40":{"start":{"line":85,"column":26},"end":{"line":93,"column":7}},"41":{"start":{"line":88,"column":44},"end":{"line":92,"column":9}},"42":{"start":{"line":94,"column":6},"end":{"line":94,"column":40}},"43":{"start":{"line":97,"column":4},"end":{"line":97,"column":25}},"44":{"start":{"line":98,"column":4},"end":{"line":98,"column":32}}},"fnMap":{"0":{"name":"(anonymous_0)","decl":{"start":{"line":6,"column":33},"end":{"line":6,"column":34}},"loc":{"start":{"line":6,"column":59},"end":{"line":19,"column":1}},"line":6},"1":{"name":"(anonymous_1)","decl":{"start":{"line":21,"column":33},"end":{"line":21,"column":34}},"loc":{"start":{"line":21,"column":59},"end":{"line":46,"column":1}},"line":21},"2":{"name":"(anonymous_2)","decl":{"start":{"line":48,"column":25},"end":{"line":48,"column":26}},"loc":{"start":{"line":48,"column":51},"end":{"line":50,"column":1}},"line":48},"3":{"name":"(anonymous_3)","decl":{"start":{"line":52,"column":31},"end":{"line":52,"column":32}},"loc":{"start":{"line":52,"column":57},"end":{"line":100,"column":1}},"line":52},"4":{"name":"(anonymous_4)","decl":{"start":{"line":88,"column":34},"end":{"line":88,"column":35}},"loc":{"start":{"line":88,"column":44},"end":{"line":92,"column":9}},"line":88}},"branchMap":{"0":{"loc":{"start":{"line":8,"column":17},"end":{"line":8,"column":46}},"type":"binary-expr","locations":[{"start":{"line":8,"column":17},"end":{"line":8,"column":41}},{"start":{"line":8,"column":45},"end":{"line":8,"column":46}}],"line":8},"1":{"loc":{"start":{"line":9,"column":18},"end":{"line":9,"column":50}},"type":"binary-expr","locations":[{"start":{"line":9,"column":18},"end":{"line":9,"column":43}},{"start":{"line":9,"column":47},"end":{"line":9,"column":50}}],"line":9},"2":{"loc":{"start":{"line":11,"column":4},"end":{"line":15,"column":5}},"type":"if","locations":[{"start":{"line":11,"column":4},"end":{"line":15,"column":5}},{"start":{"line":11,"column":4},"end":{"line":15,"column":5}}],"line":11},"3":{"loc":{"start":{"line":11,"column":8},"end":{"line":11,"column":43}},"type":"binary-expr","locations":[{"start":{"line":11,"column":8},"end":{"line":11,"column":26}},{"start":{"line":11,"column":30},"end":{"line":11,"column":43}}],"line":11},"4":{"loc":{"start":{"line":25,"column":14},"end":{"line":25,"column":64}},"type":"binary-expr","locations":[{"start":{"line":25,"column":14},"end":{"line":25,"column":40}},{"start":{"line":25,"column":44},"end":{"line":25,"column":64}}],"line":25},"5":{"loc":{"start":{"line":26,"column":14},"end":{"line":26,"column":62}},"type":"binary-expr","locations":[{"start":{"line":26,"column":14},"end":{"line":26,"column":38}},{"start":{"line":26,"column":42},"end":{"line":26,"column":62}}],"line":26},"6":{"loc":{"start":{"line":81,"column":4},"end":{"line":95,"column":5}},"type":"if","locations":[{"start":{"line":81,"column":4},"end":{"line":95,"column":5}},{"start":{"line":81,"column":4},"end":{"line":95,"column":5}}],"line":81},"7":{"loc":{"start":{"line":81,"column":8},"end":{"line":81,"column":43}},"type":"binary-expr","locations":[{"start":{"line":81,"column":8},"end":{"line":81,"column":26}},{"start":{"line":81,"column":30},"end":{"line":81,"column":43}}],"line":81}},"s":{"0":1,"1":1,"2":1,"3":1,"4":1,"5":1,"6":1,"7":1,"8":1,"9":1,"10":0,"11":1,"12":0,"13":1,"14":0,"15":0,"16":0,"17":0,"18":0,"19":0,"20":0,"21":0,"22":0,"23":0,"24":0,"25":0,"26":0,"27":0,"28":0,"29":0,"30":1,"31":0,"32":1,"33":1,"34":1,"35":1,"36":1,"37":1,"38":0,"39":0,"40":1,"41":557,"42":1,"43":0,"44":0},"f":{"0":1,"1":0,"2":0,"3":1,"4":557},"b":{"0":[1,1],"1":[1,0],"2":[0,1],"3":[1,0],"4":[0,0],"5":[0,0],"6":[0,1],"7":[1,0]},"_coverageSchema":"1a1c01bbd47fc00a2c39e90264f33305004495a9","hash":"dbc5c84a5f0594bc9f3167da127b9011a9abd5f0"}
,"/home/amulyakashyap/Documents/getir-casestudy/db/mongo/mongo.js": {"path":"/home/amulyakashyap/Documents/getir-casestudy/db/mongo/mongo.js","statementMap":{"0":{"start":{"line":1,"column":15},"end":{"line":1,"column":32}},"1":{"start":{"line":2,"column":17},"end":{"line":2,"column":36}},"2":{"start":{"line":4,"column":0},"end":{"line":4,"column":28}},"3":{"start":{"line":6,"column":16},"end":{"line":25,"column":1}},"4":{"start":{"line":14,"column":2},"end":{"line":24,"column":7}},"5":{"start":{"line":17,"column":6},"end":{"line":20,"column":8}},"6":{"start":{"line":23,"column":6},"end":{"line":23,"column":34}},"7":{"start":{"line":27,"column":19},"end":{"line":29,"column":1}},"8":{"start":{"line":28,"column":2},"end":{"line":28,"column":24}},"9":{"start":{"line":31,"column":0},"end":{"line":31,"column":41}},"10":{"start":{"line":33,"column":0},"end":{"line":35,"column":3}},"11":{"start":{"line":34,"column":2},"end":{"line":34,"column":35}},"12":{"start":{"line":37,"column":0},"end":{"line":39,"column":3}},"13":{"start":{"line":38,"column":2},"end":{"line":38,"column":38}},"14":{"start":{"line":41,"column":0},"end":{"line":43,"column":3}},"15":{"start":{"line":42,"column":2},"end":{"line":42,"column":37}}},"fnMap":{"0":{"name":"(anonymous_0)","decl":{"start":{"line":6,"column":16},"end":{"line":6,"column":17}},"loc":{"start":{"line":13,"column":5},"end":{"line":25,"column":1}},"line":13},"1":{"name":"(anonymous_1)","decl":{"start":{"line":16,"column":10},"end":{"line":16,"column":11}},"loc":{"start":{"line":16,"column":16},"end":{"line":21,"column":5}},"line":16},"2":{"name":"(anonymous_2)","decl":{"start":{"line":22,"column":11},"end":{"line":22,"column":12}},"loc":{"start":{"line":22,"column":18},"end":{"line":24,"column":5}},"line":22},"3":{"name":"(anonymous_3)","decl":{"start":{"line":27,"column":19},"end":{"line":27,"column":20}},"loc":{"start":{"line":27,"column":25},"end":{"line":29,"column":1}},"line":27},"4":{"name":"(anonymous_4)","decl":{"start":{"line":33,"column":31},"end":{"line":33,"column":32}},"loc":{"start":{"line":33,"column":37},"end":{"line":35,"column":1}},"line":33},"5":{"name":"(anonymous_5)","decl":{"start":{"line":37,"column":32},"end":{"line":37,"column":33}},"loc":{"start":{"line":37,"column":38},"end":{"line":39,"column":1}},"line":37},"6":{"name":"(anonymous_6)","decl":{"start":{"line":41,"column":32},"end":{"line":41,"column":33}},"loc":{"start":{"line":41,"column":41},"end":{"line":43,"column":1}},"line":41}},"branchMap":{"0":{"loc":{"start":{"line":7,"column":2},"end":{"line":7,"column":21}},"type":"default-arg","locations":[{"start":{"line":7,"column":8},"end":{"line":7,"column":21}}],"line":7},"1":{"loc":{"start":{"line":8,"column":2},"end":{"line":12,"column":3}},"type":"default-arg","locations":[{"start":{"line":8,"column":12},"end":{"line":12,"column":3}}],"line":8},"2":{"loc":{"start":{"line":23,"column":13},"end":{"line":23,"column":33}},"type":"binary-expr","locations":[{"start":{"line":23,"column":13},"end":{"line":23,"column":22}},{"start":{"line":23,"column":26},"end":{"line":23,"column":33}}],"line":23}},"s":{"0":1,"1":1,"2":1,"3":1,"4":1,"5":1,"6":0,"7":1,"8":0,"9":1,"10":1,"11":1,"12":1,"13":0,"14":1,"15":0},"f":{"0":1,"1":1,"2":0,"3":0,"4":1,"5":0,"6":0},"b":{"0":[1],"1":[1],"2":[0,0]},"_coverageSchema":"1a1c01bbd47fc00a2c39e90264f33305004495a9","hash":"3bc67d768bdc91c02908b3fd26038b795ed47185"}
,"/home/amulyakashyap/Documents/getir-casestudy/middlewares/inputSanitisation.js": {"path":"/home/amulyakashyap/Documents/getir-casestudy/middlewares/inputSanitisation.js","statementMap":{"0":{"start":{"line":1,"column":16},"end":{"line":1,"column":36}},"1":{"start":{"line":2,"column":12},"end":{"line":2,"column":42}},"2":{"start":{"line":11,"column":0},"end":{"line":28,"column":2}},"3":{"start":{"line":12,"column":17},"end":{"line":15,"column":4}},"4":{"start":{"line":16,"column":16},"end":{"line":19,"column":3}},"5":{"start":{"line":20,"column":27},"end":{"line":20,"column":49}},"6":{"start":{"line":21,"column":2},"end":{"line":27,"column":3}},"7":{"start":{"line":22,"column":4},"end":{"line":24,"column":7}},"8":{"start":{"line":26,"column":4},"end":{"line":26,"column":11}},"9":{"start":{"line":37,"column":0},"end":{"line":52,"column":2}},"10":{"start":{"line":38,"column":17},"end":{"line":43,"column":4}},"11":{"start":{"line":44,"column":27},"end":{"line":44,"column":52}},"12":{"start":{"line":45,"column":2},"end":{"line":51,"column":3}},"13":{"start":{"line":46,"column":4},"end":{"line":48,"column":7}},"14":{"start":{"line":50,"column":4},"end":{"line":50,"column":11}}},"fnMap":{"0":{"name":"(anonymous_0)","decl":{"start":{"line":11,"column":45},"end":{"line":11,"column":46}},"loc":{"start":{"line":11,"column":65},"end":{"line":28,"column":1}},"line":11},"1":{"name":"(anonymous_1)","decl":{"start":{"line":37,"column":43},"end":{"line":37,"column":44}},"loc":{"start":{"line":37,"column":63},"end":{"line":52,"column":1}},"line":37}},"branchMap":{"0":{"loc":{"start":{"line":21,"column":2},"end":{"line":27,"column":3}},"type":"if","locations":[{"start":{"line":21,"column":2},"end":{"line":27,"column":3}},{"start":{"line":21,"column":2},"end":{"line":27,"column":3}}],"line":21},"1":{"loc":{"start":{"line":45,"column":2},"end":{"line":51,"column":3}},"type":"if","locations":[{"start":{"line":45,"column":2},"end":{"line":51,"column":3}},{"start":{"line":45,"column":2},"end":{"line":51,"column":3}}],"line":45}},"s":{"0":1,"1":1,"2":1,"3":0,"4":0,"5":0,"6":0,"7":0,"8":0,"9":1,"10":3,"11":3,"12":3,"13":2,"14":1},"f":{"0":0,"1":3},"b":{"0":[0,0],"1":[2,1]},"_coverageSchema":"1a1c01bbd47fc00a2c39e90264f33305004495a9","hash":"c2fbedc9ddc4096e297219a029b344cb4a753349"}
,"/home/amulyakashyap/Documents/getir-casestudy/models/record.js": {"path":"/home/amulyakashyap/Documents/getir-casestudy/models/record.js","statementMap":{"0":{"start":{"line":1,"column":17},"end":{"line":1,"column":36}},"1":{"start":{"line":2,"column":22},"end":{"line":2,"column":48}},"2":{"start":{"line":3,"column":0},"end":{"line":3,"column":58}}},"fnMap":{},"branchMap":{},"s":{"0":1,"1":1,"2":1},"f":{},"b":{},"_coverageSchema":"1a1c01bbd47fc00a2c39e90264f33305004495a9","hash":"8ad4ac201cd058c382ea6382ec85c9fdd169362c"}
,"/home/amulyakashyap/Documents/getir-casestudy/models/schema/record.js": {"path":"/home/amulyakashyap/Documents/getir-casestudy/models/schema/record.js","statementMap":{"0":{"start":{"line":1,"column":17},"end":{"line":1,"column":36}},"1":{"start":{"line":2,"column":19},"end":{"line":2,"column":27}},"2":{"start":{"line":3,"column":22},"end":{"line":10,"column":1}},"3":{"start":{"line":12,"column":0},"end":{"line":12,"column":32}},"4":{"start":{"line":14,"column":0},"end":{"line":14,"column":31}}},"fnMap":{},"branchMap":{},"s":{"0":1,"1":1,"2":1,"3":1,"4":1},"f":{},"b":{},"_coverageSchema":"1a1c01bbd47fc00a2c39e90264f33305004495a9","hash":"24f62a751e15825f803d71aa08110d30b680ead9"}
,"/home/amulyakashyap/Documents/getir-casestudy/routes/records.js": {"path":"/home/amulyakashyap/Documents/getir-casestudy/routes/records.js","statementMap":{"0":{"start":{"line":1,"column":14},"end":{"line":1,"column":32}},"1":{"start":{"line":2,"column":13},"end":{"line":2,"column":29}},"2":{"start":{"line":3,"column":24},"end":{"line":3,"column":67}},"3":{"start":{"line":4,"column":23},"end":{"line":4,"column":56}},"4":{"start":{"line":7,"column":0},"end":{"line":7,"column":42}},"5":{"start":{"line":10,"column":0},"end":{"line":10,"column":57}},"6":{"start":{"line":13,"column":0},"end":{"line":17,"column":2}},"7":{"start":{"line":20,"column":0},"end":{"line":24,"column":2}},"8":{"start":{"line":26,"column":0},"end":{"line":26,"column":24}}},"fnMap":{},"branchMap":{},"s":{"0":1,"1":1,"2":1,"3":1,"4":1,"5":1,"6":1,"7":1,"8":1},"f":{},"b":{},"_coverageSchema":"1a1c01bbd47fc00a2c39e90264f33305004495a9","hash":"284d69605ea7640d26edd9fe4db77a2271a58b4a"}
,"/home/amulyakashyap/Documents/getir-casestudy/services/records.js": {"path":"/home/amulyakashyap/Documents/getir-casestudy/services/records.js","statementMap":{"0":{"start":{"line":1,"column":20},"end":{"line":1,"column":47}},"1":{"start":{"line":8,"column":16},"end":{"line":18,"column":1}},"2":{"start":{"line":9,"column":15},"end":{"line":9,"column":17}},"3":{"start":{"line":10,"column":2},"end":{"line":17,"column":3}},"4":{"start":{"line":11,"column":4},"end":{"line":11,"column":68}},"5":{"start":{"line":13,"column":4},"end":{"line":13,"column":25}},"6":{"start":{"line":14,"column":4},"end":{"line":14,"column":26}},"7":{"start":{"line":16,"column":4},"end":{"line":16,"column":16}},"8":{"start":{"line":25,"column":18},"end":{"line":35,"column":1}},"9":{"start":{"line":26,"column":15},"end":{"line":26,"column":17}},"10":{"start":{"line":27,"column":2},"end":{"line":34,"column":3}},"11":{"start":{"line":28,"column":4},"end":{"line":28,"column":57}},"12":{"start":{"line":30,"column":4},"end":{"line":30,"column":25}},"13":{"start":{"line":31,"column":4},"end":{"line":31,"column":26}},"14":{"start":{"line":33,"column":4},"end":{"line":33,"column":16}},"15":{"start":{"line":37,"column":19},"end":{"line":41,"column":1}},"16":{"start":{"line":38,"column":2},"end":{"line":40,"column":3}},"17":{"start":{"line":39,"column":4},"end":{"line":39,"column":39}},"18":{"start":{"line":43,"column":0},"end":{"line":43,"column":52}}},"fnMap":{"0":{"name":"(anonymous_0)","decl":{"start":{"line":8,"column":16},"end":{"line":8,"column":17}},"loc":{"start":{"line":8,"column":49},"end":{"line":18,"column":1}},"line":8},"1":{"name":"(anonymous_1)","decl":{"start":{"line":25,"column":18},"end":{"line":25,"column":19}},"loc":{"start":{"line":25,"column":38},"end":{"line":35,"column":1}},"line":25},"2":{"name":"(anonymous_2)","decl":{"start":{"line":37,"column":19},"end":{"line":37,"column":20}},"loc":{"start":{"line":37,"column":40},"end":{"line":41,"column":1}},"line":37}},"branchMap":{"0":{"loc":{"start":{"line":8,"column":23},"end":{"line":8,"column":31}},"type":"default-arg","locations":[{"start":{"line":8,"column":30},"end":{"line":8,"column":31}}],"line":8},"1":{"loc":{"start":{"line":8,"column":33},"end":{"line":8,"column":44}},"type":"default-arg","locations":[{"start":{"line":8,"column":41},"end":{"line":8,"column":44}}],"line":8},"2":{"loc":{"start":{"line":37,"column":26},"end":{"line":37,"column":35}},"type":"default-arg","locations":[{"start":{"line":37,"column":33},"end":{"line":37,"column":35}}],"line":37},"3":{"loc":{"start":{"line":38,"column":2},"end":{"line":40,"column":3}},"type":"if","locations":[{"start":{"line":38,"column":2},"end":{"line":40,"column":3}},{"start":{"line":38,"column":2},"end":{"line":40,"column":3}}],"line":38}},"s":{"0":1,"1":1,"2":1,"3":1,"4":1,"5":0,"6":0,"7":1,"8":1,"9":1,"10":1,"11":1,"12":0,"13":0,"14":1,"15":1,"16":0,"17":0,"18":1},"f":{"0":1,"1":1,"2":0},"b":{"0":[0],"1":[0],"2":[0],"3":[0,0]},"_coverageSchema":"1a1c01bbd47fc00a2c39e90264f33305004495a9","hash":"f97a42c10d2510662b8f04fedbec686d7ff014af"}
}
