TN:
SF:app.js
FN:28,(anonymous_0)
FN:33,(anonymous_1)
FN:43,(anonymous_2)
FNF:3
FNH:0
FNDA:0,(anonymous_0)
FNDA:0,(anonymous_1)
FNDA:0,(anonymous_2)
DA:1,1
DA:2,1
DA:3,1
DA:4,1
DA:5,1
DA:6,1
DA:8,1
DA:9,1
DA:11,1
DA:14,1
DA:15,1
DA:17,1
DA:18,1
DA:19,1
DA:20,1
DA:21,1
DA:22,1
DA:23,1
DA:25,1
DA:28,1
DA:29,0
DA:33,1
DA:35,0
DA:36,0
DA:39,0
DA:40,0
DA:43,1
DA:45,0
DA:48,1
LF:29
LH:23
BRDA:36,0,0,0
BRDA:36,0,1,0
BRDA:39,1,0,0
BRDA:39,1,1,0
BRF:4
BRH:0
end_of_record
TN:
SF:controllers/records.js
FN:6,(anonymous_0)
FN:21,(anonymous_1)
FN:48,(anonymous_2)
FN:52,(anonymous_3)
FN:88,(anonymous_4)
FNF:5
FNH:3
FNDA:1,(anonymous_0)
FNDA:0,(anonymous_1)
FNDA:0,(anonymous_2)
FNDA:1,(anonymous_3)
FNDA:557,(anonymous_4)
DA:1,1
DA:2,1
DA:3,1
DA:4,1
DA:6,1
DA:7,1
DA:8,1
DA:9,1
DA:10,1
DA:11,1
DA:12,0
DA:14,1
DA:17,0
DA:21,1
DA:22,0
DA:23,0
DA:24,0
DA:25,0
DA:26,0
DA:28,0
DA:29,0
DA:32,0
DA:33,0
DA:34,0
DA:39,0
DA:41,0
DA:42,0
DA:44,0
DA:48,1
DA:49,0
DA:52,1
DA:53,1
DA:54,1
DA:55,1
DA:80,1
DA:81,1
DA:82,0
DA:83,0
DA:85,1
DA:88,557
DA:94,1
DA:97,0
DA:98,0
LF:43
LH:22
BRDA:8,0,0,1
BRDA:8,0,1,1
BRDA:9,1,0,1
BRDA:9,1,1,0
BRDA:11,2,0,0
BRDA:11,2,1,1
BRDA:11,3,0,1
BRDA:11,3,1,0
BRDA:25,4,0,0
BRDA:25,4,1,0
BRDA:26,5,0,0
BRDA:26,5,1,0
BRDA:81,6,0,0
BRDA:81,6,1,1
BRDA:81,7,0,1
BRDA:81,7,1,0
BRF:16
BRH:7
end_of_record
TN:
SF:db/mongo/mongo.js
FN:6,(anonymous_0)
FN:16,(anonymous_1)
FN:22,(anonymous_2)
FN:27,(anonymous_3)
FN:33,(anonymous_4)
FN:37,(anonymous_5)
FN:41,(anonymous_6)
FNF:7
FNH:3
FNDA:1,(anonymous_0)
FNDA:1,(anonymous_1)
FNDA:0,(anonymous_2)
FNDA:0,(anonymous_3)
FNDA:1,(anonymous_4)
FNDA:0,(anonymous_5)
FNDA:0,(anonymous_6)
DA:1,1
DA:2,1
DA:4,1
DA:6,1
DA:14,1
DA:17,1
DA:23,0
DA:27,1
DA:28,0
DA:31,1
DA:33,1
DA:34,1
DA:37,1
DA:38,0
DA:41,1
DA:42,0
LF:16
LH:12
BRDA:7,0,0,1
BRDA:8,1,0,1
BRDA:23,2,0,0
BRDA:23,2,1,0
BRF:4
BRH:2
end_of_record
TN:
SF:middlewares/inputSanitisation.js
FN:11,(anonymous_0)
FN:37,(anonymous_1)
FNF:2
FNH:1
FNDA:0,(anonymous_0)
FNDA:3,(anonymous_1)
DA:1,1
DA:2,1
DA:11,1
DA:12,0
DA:16,0
DA:20,0
DA:21,0
DA:22,0
DA:26,0
DA:37,1
DA:38,3
DA:44,3
DA:45,3
DA:46,2
DA:50,1
LF:15
LH:9
BRDA:21,0,0,0
BRDA:21,0,1,0
BRDA:45,1,0,2
BRDA:45,1,1,1
BRF:4
BRH:2
end_of_record
TN:
SF:models/record.js
FNF:0
FNH:0
DA:1,1
DA:2,1
DA:3,1
LF:3
LH:3
BRF:0
BRH:0
end_of_record
TN:
SF:models/schema/record.js
FNF:0
FNH:0
DA:1,1
DA:2,1
DA:3,1
DA:12,1
DA:14,1
LF:5
LH:5
BRF:0
BRH:0
end_of_record
TN:
SF:routes/records.js
FNF:0
FNH:0
DA:1,1
DA:2,1
DA:3,1
DA:4,1
DA:7,1
DA:10,1
DA:13,1
DA:20,1
DA:26,1
LF:9
LH:9
BRF:0
BRH:0
end_of_record
TN:
SF:services/records.js
FN:8,(anonymous_0)
FN:25,(anonymous_1)
FN:37,(anonymous_2)
FNF:3
FNH:2
FNDA:1,(anonymous_0)
FNDA:1,(anonymous_1)
FNDA:0,(anonymous_2)
DA:1,1
DA:8,1
DA:9,1
DA:10,1
DA:11,1
DA:13,0
DA:14,0
DA:16,1
DA:25,1
DA:26,1
DA:27,1
DA:28,1
DA:30,0
DA:31,0
DA:33,1
DA:37,1
DA:38,0
DA:39,0
DA:43,1
LF:19
LH:13
BRDA:8,0,0,0
BRDA:8,1,0,0
BRDA:37,2,0,0
BRDA:38,3,0,0
BRDA:38,3,1,0
BRF:5
BRH:0
end_of_record
